g_done_timer 60000000000
g_thread_cnt 5
g_zipf_theta 0.500000
g_node_id 6
g_client_rem_thread_cnt 1
g_client_send_thread_cnt 1
g_max_txn_per_part 4000
g_load_per_server 1
g_inflight_max 7000
g_mpr 1.000000
g_mpitem 0.010000
g_part_per_txn 1
g_req_per_query 1
g_client_node_cnt 4
g_rem_thread_cnt 2
g_send_thread_cnt 1
g_client_thread_cnt 1
g_part_cnt 1
g_node_cnt 8
g_thread_cnt 5
g_query_intvl 1
g_prt_lat_distr 0
g_part_alloc 0
g_mem_pad 1
g_perc_multi_part 1.000000
g_tup_read_perc 0.500000
g_tup_write_perc 0.500000
g_txn_read_perc 0.500000
g_txn_write_perc 0.500000
g_synth_table_size 524288
g_field_per_tuple 10
g_data_perc 100.000000
g_access_perc 0.030000
g_strict_ppt 1
g_network_delay 0
g_total_thread_cnt 8
g_total_client_thread_cnt 3
g_total_node_cnt 12
g_seq_batch_time_limit 5000000
Random seed: 498637291155
CPU clock is:  3.499000
Initializing stats... Done
Initializing DB InMemory... 
In-Memory DB configuration OK
DB testing
Insert key K1 with value V1
Reading value for key K1 = V1
Done
Initializing transport manager... Tport Init 6: 25
Reading ifconfig file: ./ifconfig.txt
0: 10.0.0.198
1: 10.0.0.199
2: 10.0.0.200
3: 10.0.0.201
4: 10.0.0.206
5: 10.0.0.207
6: 10.0.0.208
7: 10.0.0.209
8: 10.0.0.203
9: 10.0.0.204
10: 10.0.0.205
11: 10.0.0.202
Port ID:  0, 0 -> 6 : 10072
Sock Binding to tcp://10.0.0.208:10072 6
server {0} Socket insert to 0  sock:140557815087104
Port ID:  0, 6 -> 0 : 10006
Sock Connecting to tcp://10.0.0.208;10.0.0.198:10006 6 -> 0
Port ID:  0, 1 -> 6 : 10073
Sock Binding to tcp://10.0.0.208:10073 6
server {1} Socket insert to 0  sock:140557815087488
Port ID:  0, 6 -> 1 : 10018
Sock Connecting to tcp://10.0.0.208;10.0.0.199:10018 6 -> 1
Port ID:  0, 2 -> 6 : 10074
Sock Binding to tcp://10.0.0.208:10074 6
server {2} Socket insert to 0  sock:140557815087872
Port ID:  0, 6 -> 2 : 10030
Sock Connecting to tcp://10.0.0.208;10.0.0.200:10030 6 -> 2
Port ID:  0, 3 -> 6 : 10075
Sock Binding to tcp://10.0.0.208:10075 6
server {3} Socket insert to 0  sock:140557815088256
Port ID:  0, 6 -> 3 : 10042
Sock Connecting to tcp://10.0.0.208;10.0.0.201:10042 6 -> 3
Port ID:  0, 4 -> 6 : 10076
Sock Binding to tcp://10.0.0.208:10076 6
server {4} Socket insert to 0  sock:140557815088640
Port ID:  0, 6 -> 4 : 10054
Sock Connecting to tcp://10.0.0.208;10.0.0.206:10054 6 -> 4
Port ID:  0, 5 -> 6 : 10077
Sock Binding to tcp://10.0.0.208:10077 6
server {5} Socket insert to 0  sock:140557815089024
Port ID:  0, 6 -> 5 : 10066
Sock Connecting to tcp://10.0.0.208;10.0.0.207:10066 6 -> 5
Port ID:  0, 7 -> 6 : 10079
Sock Binding to tcp://10.0.0.208:10079 6
server {7} Socket insert to 0  sock:140557815089408
Port ID:  0, 6 -> 7 : 10090
Sock Connecting to tcp://10.0.0.208;10.0.0.209:10090 6 -> 7
Port ID:  0, 8 -> 6 : 10080
Sock Binding to tcp://10.0.0.208:10080 6
client {8} Socket insert to 0
Port ID:  0, 6 -> 8 : 10102
Sock Connecting to tcp://10.0.0.208;10.0.0.203:10102 6 -> 8
Port ID:  0, 9 -> 6 : 10081
Sock Binding to tcp://10.0.0.208:10081 6
client {9} Socket insert to 0
Port ID:  0, 6 -> 9 : 10114
Sock Connecting to tcp://10.0.0.208;10.0.0.204:10114 6 -> 9
Port ID:  0, 10 -> 6 : 10082
Sock Binding to tcp://10.0.0.208:10082 6
client {10} Socket insert to 0
Port ID:  0, 6 -> 10 : 10126
Sock Connecting to tcp://10.0.0.208;10.0.0.205:10126 6 -> 10
Port ID:  0, 11 -> 6 : 10083
Sock Binding to tcp://10.0.0.208:10083 6
client {11} Socket insert to 0
Port ID:  0, 6 -> 11 : 10138
Sock Connecting to tcp://10.0.0.208;10.0.0.202:10138 6 -> 11
Done
Initializing simulation... Done
Workload initialized!
Initializing work queue... Done
Initializing message queue... Done
Initializing transaction manager pool... Done
Initializing transaction pool... Done
Initializing txn node table pool... Done
Initializing query pool... Done
Initializing transaction table... Done
Initializing Chain... Done
___________________________________ED25519GenerateKeys
_____________ED25519 PUBLIC KEY: IêÈ†6‡°xS–1!]BJ*Xõ”¢ËFÀ›+ÿ³EàŽðk
___________________________________CMACGenerateKeys
_____________CMAC PRIV KEY: 333253551832FCF986F5266DAE31E544
_____________CMAC PRIV KEY: 0CEF3867E2FF6CF53DCCDCEB396E081D
_____________CMAC PRIV KEY: 4B9CCC810817E3C49CCAC715DE5B30D6
_____________CMAC PRIV KEY: 7F1DEA023BBCFA9F9BB59BB11C120309
_____________CMAC PRIV KEY: E355C1E2F2AF59B2B75C2AC0AC776EF1
_____________CMAC PRIV KEY: FBF59A2B7AB77AB36E2CADBCE8B57861
_____________CMAC PRIV KEY: 60273684D3ECA7C63CF866EB9FBFA095
_____________CMAC PRIV KEY: 89DB66CBF5DEB02644B0725757281C0A
_____________CMAC PRIV KEY: 4C05F64647F01473D2338E4A6A39D1FD
_____________CMAC PRIV KEY: EA828E8633B40907901C61455BEBE5D6
_____________CMAC PRIV KEY: 7DAC035607BE6A72BB8FDED52294583F
Initialization Time = 19001605
Setup 6:0
Setup 6:1
Setup 6:2
Setup 6:3
Setup 6:4
Setup 6:5
Running 6:1
Running 6:2
Send INIT_DONE to 0
Send INIT_DONE to 1
Send INIT_DONE to 2
Send INIT_DONE to 3
Send INIT_DONE to 4
Send INIT_DONE to 5
Send INIT_DONE to 7
Send INIT_DONE to 8
Send INIT_DONE to 9
Send INIT_DONE to 10
Send INIT_DONE to 11
Sending ED25519: IêÈ†6‡°xS–1!]BJ*Xõ”¢ËFÀ›+ÿ³EàŽðk
Sending CMAC 333253551832FCF986F5266DAE31E544
Sending ED25519: IêÈ†6‡°xS–1!]BJ*Xõ”¢ËFÀ›+ÿ³EàŽðk
Sending CMAC 0CEF3867E2FF6CF53DCCDCEB396E081D
Sending ED25519: IêÈ†6‡°xS–1!]BJ*Xõ”¢ËFÀ›+ÿ³EàŽðk
Sending CMAC 4B9CCC810817E3C49CCAC715DE5B30D6
Sending ED25519: IêÈ†6‡°xS–1!]BJ*Xõ”¢ËFÀ›+ÿ³EàŽðk
Sending CMAC 7F1DEA023BBCFA9F9BB59BB11C120309
Sending ED25519: IêÈ†6‡°xS–1!]BJ*Xõ”¢ËFÀ›+ÿ³EàŽðk
Sending CMAC E355C1E2F2AF59B2B75C2AC0AC776EF1
Sending ED25519: IêÈ†6‡°xS–1!]BJ*Xõ”¢ËFÀ›+ÿ³EàŽðk
Sending CMAC FBF59A2B7AB77AB36E2CADBCE8B57861
Sending ED25519: IêÈ†6‡°xS–1!]BJ*Xõ”¢ËFÀ›+ÿ³EàŽðk
Sending CMAC 60273684D3ECA7C63CF866EB9FBFA095
Sending ED25519: IêÈ†6‡°xS–1!]BJ*Xõ”¢ËFÀ›+ÿ³EàŽðk
Sending CMAC 89DB66CBF5DEB02644B0725757281C0A
Sending ED25519: IêÈ†6‡°xS–1!]BJ*Xõ”¢ËFÀ›+ÿ³EàŽðk
Sending CMAC 4C05F64647F01473D2338E4A6A39D1FD
Sending ED25519: IêÈ†6‡°xS–1!]BJ*Xõ”¢ËFÀ›+ÿ³EàŽðk
Sending CMAC EA828E8633B40907901C61455BEBE5D6
Sending ED25519: IêÈ†6‡°xS–1!]BJ*Xõ”¢ËFÀ›+ÿ³EàŽðk
Sending CMAC 7DAC035607BE6A72BB8FDED52294583F
Running 6:0
Received INIT_DONE from node 7
Received INIT_DONE from node 9
Received INIT_DONE from node 10
Received INIT_DONE from node 11
Received INIT_DONE from node 0
Received INIT_DONE from node 2
Received INIT_DONE from node 4
Received INIT_DONE from node 3
Received INIT_DONE from node 5
Received INIT_DONE from node 1
Received INIT_DONE from node 8
Running 6:5
Running 6:4
Running 6:3
Starttime set to 314275276558
Running OutputThread 5
Running InputThread 4
Running WorkerThread 1
Running InputThread 3
Running WorkerThread 2
Running WorkerThread 0
[prog] 
filename: ./monitor/toInflux_R7_.out
total_runtime=0.000000

tput=0.000000
txn_cnt=0
,work_queue_wait_time=0.000000
,work_queue_cnt=0
,work_queue_enq_cnt=0
,work_queue_wait_avg_time=0.000000
,work_queue_enqueue_time=0.000000
,work_queue_dequeue_time=0.000000
,worker_idle_time=0.000000
,worker_release_msg_time=0.000000
idle_time_worker 0=0.000000
idle_time_worker 1=0.000000
idle_time_worker 2=0.000000
msg_send_time=0.000000
msg_send_time_avg=0.000000
msg_recv_time=0.000000
msg_recv_time_avg=0.000000
msg_recv_idle_time=0.000000
msg_send_cnt=0
msg_recv_cnt=0
txn_table_new_cnt=0
txn_table_get_cnt=0
txn_table_release_cnt=0
txn_table_cflt_cnt=0
txn_table_cflt_size=0
txn_table_get_time=0.000000
txn_table_release_time=0.000000
txn_table_min_ts_time=0.000000
txn_table_get_avg_time=0.000000
txn_table_release_avg_time=0.000000
virt_mem_usage=2174728
phys_mem_usage=35544
,cpu_ttl=0.000050
msg_size_client_batch=0
msg_size_batch_req=5464
msg_size_commit=0
msg_size_prepare=216
msg_size_checkpoint=164
msg_size_client_response=0
total_runtime=0.000000
--------------------------------
interval_tput=0.000000	txn_cnt=0
--------------------------------
tput         =0.000000	txn_cnt=0
=======================================================

[prog] 
filename: ./monitor/toInflux_R7_.out
total_runtime=0.000000

tput=0.000000
txn_cnt=0
,work_queue_wait_time=0.000000
,work_queue_cnt=0
,work_queue_enq_cnt=0
,work_queue_wait_avg_time=0.000000
,work_queue_enqueue_time=0.000000
,work_queue_dequeue_time=0.000000
,worker_idle_time=0.000000
,worker_release_msg_time=0.000000
idle_time_worker 0=0.000000
idle_time_worker 1=0.000000
idle_time_worker 2=0.000000
msg_send_time=0.000000
msg_send_time_avg=0.000000
msg_recv_time=0.000000
msg_recv_time_avg=0.000000
msg_recv_idle_time=0.000000
msg_send_cnt=0
msg_recv_cnt=0
txn_table_new_cnt=0
txn_table_get_cnt=0
txn_table_release_cnt=0
txn_table_cflt_cnt=0
txn_table_cflt_size=0
txn_table_get_time=0.000000
txn_table_release_time=0.000000
txn_table_min_ts_time=0.000000
txn_table_get_avg_time=0.000000
txn_table_release_avg_time=0.000000
virt_mem_usage=2182408
phys_mem_usage=42996
,cpu_ttl=126.234568
msg_size_client_batch=0
msg_size_batch_req=5464
msg_size_commit=0
msg_size_prepare=216
msg_size_checkpoint=164
msg_size_client_response=0
total_runtime=0.000000
--------------------------------
interval_tput=0.000000	txn_cnt=0
--------------------------------
tput         =0.000000	txn_cnt=0
=======================================================

[prog] 
filename: ./monitor/toInflux_R7_.out
total_runtime=0.000370

tput=0.000000
txn_cnt=0
,work_queue_wait_time=0.024782
,work_queue_cnt=9
,work_queue_enq_cnt=9
,work_queue_wait_avg_time=0.002754
,work_queue_enqueue_time=0.000004
,work_queue_dequeue_time=0.000003
,worker_idle_time=0.000000
,worker_release_msg_time=0.000020
idle_time_worker 0=0.000000
idle_time_worker 1=0.000000
idle_time_worker 2=0.000000
msg_send_time=0.000091
msg_send_time_avg=0.000011
msg_recv_time=0.000055
msg_recv_time_avg=0.000011
msg_recv_idle_time=0.000535
msg_send_cnt=8
msg_recv_cnt=5
txn_table_new_cnt=200
txn_table_get_cnt=202
txn_table_release_cnt=275
txn_table_cflt_cnt=0
txn_table_cflt_size=0
txn_table_get_time=0.000180
txn_table_release_time=0.000368
txn_table_min_ts_time=0.000000
txn_table_get_avg_time=0.000001
txn_table_release_avg_time=0.000001
virt_mem_usage=2193672
phys_mem_usage=52408
,cpu_ttl=126.234568
msg_size_client_batch=0
msg_size_batch_req=5464
msg_size_commit=0
msg_size_prepare=216
msg_size_checkpoint=164
msg_size_client_response=0
total_runtime=0.000370
--------------------------------
interval_tput=0.000000	txn_cnt=0
--------------------------------
tput         =0.000000	txn_cnt=0
=======================================================

[prog] 
filename: ./monitor/toInflux_R7_.out
total_runtime=5.000370

tput=420168.921870
txn_cnt=2101000
,work_queue_wait_time=2438.028092
,work_queue_cnt=192588
,work_queue_enq_cnt=192432
,work_queue_wait_avg_time=0.012659
,work_queue_enqueue_time=0.063334
,work_queue_dequeue_time=0.049787
,worker_idle_time=5.471213
,worker_release_msg_time=0.209364
idle_time_worker 0=0.223851
idle_time_worker 1=2.302512
idle_time_worker 2=2.944851
msg_send_time=0.197158
msg_send_time_avg=0.000008
msg_recv_time=0.186605
msg_recv_time_avg=0.000007
msg_recv_idle_time=9.193629
msg_send_cnt=26124
msg_recv_cnt=25238
txn_table_new_cnt=2100700
txn_table_get_cnt=4338238
txn_table_release_cnt=2101224
txn_table_cflt_cnt=0
txn_table_cflt_size=0
txn_table_get_time=2.190500
txn_table_release_time=2.602072
txn_table_min_ts_time=0.000000
txn_table_get_avg_time=0.000001
txn_table_release_avg_time=0.000001
virt_mem_usage=2210568
phys_mem_usage=68928
,cpu_ttl=104.372428
msg_size_client_batch=0
msg_size_batch_req=5464
msg_size_commit=0
msg_size_prepare=216
msg_size_checkpoint=164
msg_size_client_response=0
total_runtime=5.000370
--------------------------------
interval_tput=420200.000000	txn_cnt=2101000
--------------------------------
tput         =420168.921870	txn_cnt=2101000
=======================================================

[prog] 
filename: ./monitor/toInflux_R7_.out
total_runtime=10.000533

tput=417127.761876
txn_cnt=4171500
,work_queue_wait_time=3488.729584
,work_queue_cnt=382503
,work_queue_enq_cnt=383205
,work_queue_wait_avg_time=0.009121
,work_queue_enqueue_time=0.128876
,work_queue_dequeue_time=0.100250
,worker_idle_time=11.089475
,worker_release_msg_time=0.413806
idle_time_worker 0=0.675478
idle_time_worker 1=4.574228
idle_time_worker 2=5.839770
msg_send_time=0.389444
msg_send_time_avg=0.000008
msg_recv_time=0.369323
msg_recv_time_avg=0.000007
msg_recv_idle_time=18.392736
msg_send_cnt=51780
msg_recv_cnt=50108
txn_table_new_cnt=4171018
txn_table_get_cnt=8606765
txn_table_release_cnt=4171666
txn_table_cflt_cnt=0
txn_table_cflt_size=0
txn_table_get_time=4.425421
txn_table_release_time=5.235134
txn_table_min_ts_time=0.000000
txn_table_get_avg_time=0.000001
txn_table_release_avg_time=0.000001
virt_mem_usage=2214152
phys_mem_usage=75996
,cpu_ttl=104.372428
msg_size_client_batch=0
msg_size_batch_req=5464
msg_size_commit=0
msg_size_prepare=216
msg_size_checkpoint=164
msg_size_client_response=0
total_runtime=10.000533
--------------------------------
interval_tput=414100.000000	txn_cnt=2070500
--------------------------------
tput         =417127.761876	txn_cnt=4171500
=======================================================

[prog] 
filename: ./monitor/toInflux_R7_.out
total_runtime=15.000712

tput=416653.544234
txn_cnt=6250100
,work_queue_wait_time=6145.924103
,work_queue_cnt=573210
,work_queue_enq_cnt=573755
,work_queue_wait_avg_time=0.010722
,work_queue_enqueue_time=0.192761
,work_queue_dequeue_time=0.152103
,worker_idle_time=16.342183
,worker_release_msg_time=0.622341
idle_time_worker 0=0.875414
idle_time_worker 1=6.731330
idle_time_worker 2=8.735439
msg_send_time=0.573810
msg_send_time_avg=0.000007
msg_recv_time=0.548546
msg_recv_time_avg=0.000007
msg_recv_idle_time=27.599629
msg_send_cnt=77378
msg_recv_cnt=74831
txn_table_new_cnt=6254507
txn_table_get_cnt=12897950
txn_table_release_cnt=6250445
txn_table_cflt_cnt=0
txn_table_cflt_size=0
txn_table_get_time=6.827801
txn_table_release_time=7.979258
txn_table_min_ts_time=0.000000
txn_table_get_avg_time=0.000001
txn_table_release_avg_time=0.000001
virt_mem_usage=2229000
phys_mem_usage=89304
,cpu_ttl=104.320988
msg_size_client_batch=0
msg_size_batch_req=5464
msg_size_commit=0
msg_size_prepare=216
msg_size_checkpoint=164
msg_size_client_response=0
total_runtime=15.000712
--------------------------------
interval_tput=415720.000000	txn_cnt=2078600
--------------------------------
tput         =416653.544234	txn_cnt=6250100
=======================================================

[prog] 
filename: ./monitor/toInflux_R7_.out
total_runtime=20.000782

tput=415371.299574
txn_cnt=8307751
,work_queue_wait_time=8894.164374
,work_queue_cnt=761434
,work_queue_enq_cnt=761511
,work_queue_wait_avg_time=0.011681
,work_queue_enqueue_time=0.255732
,work_queue_dequeue_time=0.204333
,worker_idle_time=21.431175
,worker_release_msg_time=0.829421
idle_time_worker 0=1.003324
idle_time_worker 1=8.910206
idle_time_worker 2=11.517645
msg_send_time=0.760744
msg_send_time_avg=0.000007
msg_recv_time=0.724632
msg_recv_time_avg=0.000007
msg_recv_idle_time=36.813043
msg_send_cnt=102665
msg_recv_cnt=99285
txn_table_new_cnt=8310500
txn_table_get_cnt=17135056
txn_table_release_cnt=8306629
txn_table_cflt_cnt=0
txn_table_cflt_size=0
txn_table_get_time=9.352484
txn_table_release_time=10.704960
txn_table_min_ts_time=0.000000
txn_table_get_avg_time=0.000001
txn_table_release_avg_time=0.000001
virt_mem_usage=2239240
phys_mem_usage=97524
,cpu_ttl=104.243827
msg_size_client_batch=0
msg_size_batch_req=5464
msg_size_commit=0
msg_size_prepare=216
msg_size_checkpoint=164
msg_size_client_response=0
total_runtime=20.000782
--------------------------------
interval_tput=411530.000000	txn_cnt=2057651
--------------------------------
tput         =415371.299574	txn_cnt=8307751
=======================================================

[prog] 
filename: ./monitor/toInflux_R7_.out
total_runtime=25.000946

tput=410788.452939
txn_cnt=10270100
,work_queue_wait_time=11690.027400
,work_queue_cnt=941663
,work_queue_enq_cnt=942723
,work_queue_wait_avg_time=0.012414
,work_queue_enqueue_time=0.318443
,work_queue_dequeue_time=0.255354
,worker_idle_time=26.596258
,worker_release_msg_time=1.030584
idle_time_worker 0=1.152777
idle_time_worker 1=11.145394
idle_time_worker 2=14.298087
msg_send_time=0.938139
msg_send_time_avg=0.000007
msg_recv_time=0.893768
msg_recv_time_avg=0.000007
msg_recv_idle_time=46.041666
msg_send_cnt=126954
msg_recv_cnt=123038
txn_table_new_cnt=10272828
txn_table_get_cnt=21174792
txn_table_release_cnt=10270730
txn_table_cflt_cnt=0
txn_table_cflt_size=0
txn_table_get_time=12.030858
txn_table_release_time=13.377237
txn_table_min_ts_time=0.000000
txn_table_get_avg_time=0.000001
txn_table_release_avg_time=0.000001
virt_mem_usage=2260744
phys_mem_usage=112700
,cpu_ttl=104.140947
msg_size_client_batch=0
msg_size_batch_req=5464
msg_size_commit=0
msg_size_prepare=216
msg_size_checkpoint=164
msg_size_client_response=0
total_runtime=25.000946
--------------------------------
interval_tput=392456.000000	txn_cnt=1962283
--------------------------------
tput         =410788.452939	txn_cnt=10270100
=======================================================

[prog] 
filename: ./monitor/toInflux_R7_.out
total_runtime=30.000951

tput=406464.017082
txn_cnt=12194307
,work_queue_wait_time=24245.908979
,work_queue_cnt=1118605
,work_queue_enq_cnt=1123328
,work_queue_wait_avg_time=0.021675
,work_queue_enqueue_time=0.385031
,work_queue_dequeue_time=0.312914
,worker_idle_time=31.534559
,worker_release_msg_time=1.243346
idle_time_worker 0=1.152777
idle_time_worker 1=13.305227
idle_time_worker 2=17.076555
msg_send_time=1.112022
msg_send_time_avg=0.000007
msg_recv_time=1.063797
msg_recv_time_avg=0.000007
msg_recv_idle_time=55.234517
msg_send_cnt=150513
msg_recv_cnt=146654
txn_table_new_cnt=12202806
txn_table_get_cnt=25143570
txn_table_release_cnt=12193853
txn_table_cflt_cnt=0
txn_table_cflt_size=0
txn_table_get_time=14.861826
txn_table_release_time=16.123545
txn_table_min_ts_time=0.000000
txn_table_get_avg_time=0.000001
txn_table_release_avg_time=0.000001
virt_mem_usage=2282248
phys_mem_usage=136728
,cpu_ttl=104.173107
msg_size_client_batch=0
msg_size_batch_req=5464
msg_size_commit=0
msg_size_prepare=216
msg_size_checkpoint=164
msg_size_client_response=0
total_runtime=30.000951
--------------------------------
interval_tput=384841.000000	txn_cnt=1924207
--------------------------------
tput         =406464.017082	txn_cnt=12194307
=======================================================

[prog] 
filename: ./monitor/toInflux_R7_.out
total_runtime=35.000997

tput=403494.309185
txn_cnt=14122703
,work_queue_wait_time=48611.383607
,work_queue_cnt=1295145
,work_queue_enq_cnt=1301136
,work_queue_wait_avg_time=0.037534
,work_queue_enqueue_time=0.452490
,work_queue_dequeue_time=0.371524
,worker_idle_time=36.437703
,worker_release_msg_time=1.460609
idle_time_worker 0=1.152777
idle_time_worker 1=15.413478
idle_time_worker 2=19.871449
msg_send_time=1.287922
msg_send_time_avg=0.000007
msg_recv_time=1.232335
msg_recv_time_avg=0.000007
msg_recv_idle_time=64.425591
msg_send_cnt=174142
msg_recv_cnt=169896
txn_table_new_cnt=14125543
txn_table_get_cnt=29107767
txn_table_release_cnt=14122620
txn_table_cflt_cnt=0
txn_table_cflt_size=0
txn_table_get_time=17.705013
txn_table_release_time=18.922044
txn_table_min_ts_time=0.000000
txn_table_get_avg_time=0.000001
txn_table_release_avg_time=0.000001
virt_mem_usage=2287368
phys_mem_usage=149732
,cpu_ttl=103.986626
msg_size_client_batch=0
msg_size_batch_req=5464
msg_size_commit=0
msg_size_prepare=216
msg_size_checkpoint=164
msg_size_client_response=0
total_runtime=35.000997
--------------------------------
interval_tput=385665.000000	txn_cnt=1928326
--------------------------------
tput         =403494.309185	txn_cnt=14122703
=======================================================

[prog] 
filename: ./monitor/toInflux_R7_.out
total_runtime=40.001118

tput=400945.744569
txn_cnt=16038278
,work_queue_wait_time=86461.055991
,work_queue_cnt=1470402
,work_queue_enq_cnt=1478301
,work_queue_wait_avg_time=0.058801
,work_queue_enqueue_time=0.520805
,work_queue_dequeue_time=0.431088
,worker_idle_time=41.366700
,worker_release_msg_time=1.678560
idle_time_worker 0=1.152777
idle_time_worker 1=17.584552
idle_time_worker 2=22.629372
msg_send_time=1.460611
msg_send_time_avg=0.000007
msg_recv_time=1.396770
msg_recv_time_avg=0.000007
msg_recv_idle_time=73.612151
msg_send_cnt=197571
msg_recv_cnt=192983
txn_table_new_cnt=16040384
txn_table_get_cnt=33051976
txn_table_release_cnt=16037029
txn_table_cflt_cnt=0
txn_table_cflt_size=0
txn_table_get_time=20.530436
txn_table_release_time=21.659502
txn_table_min_ts_time=0.000000
txn_table_get_avg_time=0.000001
txn_table_release_avg_time=0.000001
virt_mem_usage=2324232
phys_mem_usage=170744
,cpu_ttl=104.012346
msg_size_client_batch=0
msg_size_batch_req=5464
msg_size_commit=0
msg_size_prepare=216
msg_size_checkpoint=164
msg_size_client_response=0
total_runtime=40.001118
--------------------------------
interval_tput=383101.000000	txn_cnt=1915507
--------------------------------
tput         =400945.744569	txn_cnt=16038278
=======================================================

[prog] 
filename: ./monitor/toInflux_R7_.out
total_runtime=45.001261

tput=399264.366110
txn_cnt=17967400
,work_queue_wait_time=133429.870513
,work_queue_cnt=1646954
,work_queue_enq_cnt=1656864
,work_queue_wait_avg_time=0.081016
,work_queue_enqueue_time=0.590399
,work_queue_dequeue_time=0.491495
,worker_idle_time=46.208829
,worker_release_msg_time=1.897870
idle_time_worker 0=1.152777
idle_time_worker 1=19.654179
idle_time_worker 2=25.401873
msg_send_time=1.631225
msg_send_time_avg=0.000007
msg_recv_time=1.564803
msg_recv_time_avg=0.000007
msg_recv_idle_time=82.787107
msg_send_cnt=221231
msg_recv_cnt=216338
txn_table_new_cnt=17972429
txn_table_get_cnt=37027322
txn_table_release_cnt=17968030
txn_table_cflt_cnt=0
txn_table_cflt_size=0
txn_table_get_time=23.362459
txn_table_release_time=24.493895
txn_table_min_ts_time=0.000000
txn_table_get_avg_time=0.000001
txn_table_release_avg_time=0.000001
virt_mem_usage=2338568
phys_mem_usage=189412
,cpu_ttl=104.038066
msg_size_client_batch=0
msg_size_batch_req=5464
msg_size_commit=0
msg_size_prepare=216
msg_size_checkpoint=164
msg_size_client_response=0
total_runtime=45.001261
--------------------------------
interval_tput=385820.000000	txn_cnt=1929100
--------------------------------
tput         =399264.366110	txn_cnt=17967400
=======================================================

[prog] 
filename: ./monitor/toInflux_R7_.out
total_runtime=50.001418

tput=397660.724791
txn_cnt=19883600
,work_queue_wait_time=179790.442841
,work_queue_cnt=1822338
,work_queue_enq_cnt=1832215
,work_queue_wait_avg_time=0.098659
,work_queue_enqueue_time=0.658823
,work_queue_dequeue_time=0.551899
,worker_idle_time=51.073624
,worker_release_msg_time=2.117974
idle_time_worker 0=1.152777
idle_time_worker 1=21.760534
idle_time_worker 2=28.160314
msg_send_time=1.800809
msg_send_time_avg=0.000007
msg_recv_time=1.725897
msg_recv_time_avg=0.000007
msg_recv_idle_time=91.979332
msg_send_cnt=244724
msg_recv_cnt=239203
txn_table_new_cnt=19887532
txn_table_get_cnt=40971649
txn_table_release_cnt=19884230
txn_table_cflt_cnt=0
txn_table_cflt_size=0
txn_table_get_time=26.206546
txn_table_release_time=27.294829
txn_table_min_ts_time=0.000000
txn_table_get_avg_time=0.000001
txn_table_release_avg_time=0.000001
virt_mem_usage=2342664
phys_mem_usage=193348
,cpu_ttl=103.986626
msg_size_client_batch=0
msg_size_batch_req=5464
msg_size_commit=0
msg_size_prepare=216
msg_size_checkpoint=164
msg_size_client_response=0
total_runtime=50.001418
--------------------------------
interval_tput=383240.000000	txn_cnt=1916200
--------------------------------
tput         =397660.724791	txn_cnt=19883600
=======================================================

[prog] 
filename: ./monitor/toInflux_R7_.out
total_runtime=55.001537

tput=395941.659357
txn_cnt=21777400
,work_queue_wait_time=235587.376255
,work_queue_cnt=1996029
,work_queue_enq_cnt=2007931
,work_queue_wait_avg_time=0.118028
,work_queue_enqueue_time=0.727029
,work_queue_dequeue_time=0.611757
,worker_idle_time=56.069550
,worker_release_msg_time=2.336140
idle_time_worker 0=1.152777
idle_time_worker 1=23.957165
idle_time_worker 2=30.959608
msg_send_time=1.978506
msg_send_time_avg=0.000007
msg_recv_time=1.892744
msg_recv_time_avg=0.000007
msg_recv_idle_time=101.162487
msg_send_cnt=267961
msg_recv_cnt=262274
txn_table_new_cnt=21782479
txn_table_get_cnt=44872346
txn_table_release_cnt=21778030
txn_table_cflt_cnt=0
txn_table_cflt_size=0
txn_table_get_time=29.044206
txn_table_release_time=30.009516
txn_table_min_ts_time=0.000000
txn_table_get_avg_time=0.000001
txn_table_release_avg_time=0.000001
virt_mem_usage=2365192
phys_mem_usage=210124
,cpu_ttl=103.935185
msg_size_client_batch=0
msg_size_batch_req=5464
msg_size_commit=0
msg_size_prepare=216
msg_size_checkpoint=164
msg_size_client_response=0
total_runtime=55.001537
--------------------------------
interval_tput=378760.000000	txn_cnt=1893800
--------------------------------
tput         =395941.659357	txn_cnt=21777400
=======================================================

FINISH: 0
FINISH: 0
FINISH: 0
PASS! SimTime = 75.737274
Output 5: 71.587278
Input 3: 0.000000
Input 4: 71.184687
[summary] filename: ./monitor/toInflux_R7_.out
total_runtime=59.999999

tput=394193.339187
txn_cnt=23651600
,work_queue_wait_time=291626.810356
,work_queue_cnt=2165265
,work_queue_enq_cnt=2165046
,work_queue_wait_avg_time=0.134684
,work_queue_enqueue_time=0.788446
,work_queue_dequeue_time=0.669405
,worker_idle_time=60.582226
,worker_release_msg_time=2.547898
idle_time_worker 0=1.152777
idle_time_worker 1=25.813163
idle_time_worker 2=33.616286
msg_send_time=2.688056
msg_send_time_avg=0.000009
msg_recv_time=2.038105
msg_recv_time_avg=0.000007
msg_recv_idle_time=110.431766
msg_send_cnt=289036
msg_recv_cnt=282670
txn_table_new_cnt=23650200
txn_table_get_cnt=48723935
txn_table_release_cnt=23486261
txn_table_cflt_cnt=0
txn_table_cflt_size=0
txn_table_get_time=31.732865
txn_table_release_time=32.509904
txn_table_min_ts_time=0.000000
txn_table_get_avg_time=0.000001
txn_table_release_avg_time=0.000001
virt_mem_usage=2496256
phys_mem_usage=349396
,cpu_ttl=103.472222
msg_size_client_batch=0
msg_size_batch_req=5464
msg_size_commit=0
msg_size_prepare=216
msg_size_checkpoint=164
msg_size_client_response=0
total_runtime=59.999999
--------------------------------
interval_tput=374840.000000	txn_cnt=1874200
--------------------------------
tput         =394193.339187	txn_cnt=23651600
=======================================================


